11/12/2022 8:41:08 PM	This log contains information about the import schema operation into project 'AdWoks' on computer 'DESKTOP-MJBGV2A' by user 'gurja'.
11/12/2022 8:41:08 PM	Import of database schema has started.
11/12/2022 8:41:14 PM	Gathering database credentials
11/12/2022 8:41:14 PM	Gathering database options
11/12/2022 8:41:14 PM	Gathering generic database scoped configuration option
11/12/2022 8:41:14 PM	Gathering users
11/12/2022 8:41:14 PM	Gathering roles
11/12/2022 8:41:14 PM	Gathering application roles
11/12/2022 8:41:14 PM	Gathering role memberships
11/12/2022 8:41:14 PM	Gathering filegroups
11/12/2022 8:41:14 PM	Gathering full-text catalogs
11/12/2022 8:41:14 PM	Gathering assemblies
11/12/2022 8:41:14 PM	Gathering certificates
11/12/2022 8:41:14 PM	Gathering asymmetric keys
11/12/2022 8:41:14 PM	Gathering symmetric keys
11/12/2022 8:41:14 PM	Gathering encrypted symmetric keys
11/12/2022 8:41:14 PM	Gathering schemas
11/12/2022 8:41:14 PM	Gathering XML schema collections
11/12/2022 8:41:14 PM	Gathering user-defined data types
11/12/2022 8:41:14 PM	Gathering user-defined types
11/12/2022 8:41:14 PM	Gathering table types
11/12/2022 8:41:14 PM	Gathering unique keys for table types
11/12/2022 8:41:14 PM	Gathering primary keys for table types
11/12/2022 8:41:14 PM	Gathering indexes for table types
11/12/2022 8:41:14 PM	Gathering check constraints for table types
11/12/2022 8:41:14 PM	Gathering default constraints for table types
11/12/2022 8:41:14 PM	Gathering partition functions
11/12/2022 8:41:14 PM	Gathering partition schemes
11/12/2022 8:41:14 PM	Gathering functions
11/12/2022 8:41:14 PM	Gathering encrypted functions
11/12/2022 8:41:14 PM	Gathering aggregates
11/12/2022 8:41:14 PM	Gathering procedures
11/12/2022 8:41:14 PM	Gathering encrypted procedures
11/12/2022 8:41:14 PM	Gathering tables
11/12/2022 8:41:14 PM	Gathering primary keys
11/12/2022 8:41:14 PM	Gathering unique constraints
11/12/2022 8:41:14 PM	Gathering foreign keys
11/12/2022 8:41:14 PM	Gathering default constraints
11/12/2022 8:41:15 PM	Gathering check constraints
11/12/2022 8:41:15 PM	Gathering views
11/12/2022 8:41:15 PM	Gathering encrypted views
11/12/2022 8:41:15 PM	Gathering indexes
11/12/2022 8:41:15 PM	Gathering statistics
11/12/2022 8:41:15 PM	Gathering full-text index stoplists
11/12/2022 8:41:15 PM	Gathering search property lists
11/12/2022 8:41:15 PM	Gathering search properties
11/12/2022 8:41:15 PM	Gathering full-text indexes
11/12/2022 8:41:15 PM	Gathering column store indexes
11/12/2022 8:41:15 PM	Gathering spatial indexes
11/12/2022 8:41:15 PM	Gathering XML indexes
11/12/2022 8:41:15 PM	Gathering Selective XML indexes
11/12/2022 8:41:15 PM	Gathering encrypted triggers
11/12/2022 8:41:15 PM	Gathering triggers
11/12/2022 8:41:15 PM	Gathering encrypted and clr ddl triggers
11/12/2022 8:41:15 PM	Gathering ddl triggers
11/12/2022 8:41:15 PM	Creating edge constraints
11/12/2022 8:41:15 PM	Gathering synonyms
11/12/2022 8:41:15 PM	Gathering defaults
11/12/2022 8:41:15 PM	Gathering data constraint uddt bindings
11/12/2022 8:41:15 PM	Gathering rules
11/12/2022 8:41:15 PM	Gathering data constraint uddt bindings
11/12/2022 8:41:15 PM	Gathering message types
11/12/2022 8:41:15 PM	Gathering queues
11/12/2022 8:41:15 PM	Gathering contracts
11/12/2022 8:41:15 PM	Gathering services
11/12/2022 8:41:15 PM	Gathering event notifications
11/12/2022 8:41:15 PM	Gathering remote service bindings
11/12/2022 8:41:15 PM	Gathering broker priorities
11/12/2022 8:41:15 PM	Gathering signatures
11/12/2022 8:41:15 PM	Gathering data compression options
11/12/2022 8:41:15 PM	Gathering sequence types
11/12/2022 8:41:15 PM	Gathering security policies
11/12/2022 8:41:15 PM	Gather column encryption keys
11/12/2022 8:41:15 PM	Gathering column master keys
11/12/2022 8:41:15 PM	Gathering external data sources
11/12/2022 8:41:15 PM	Gathering external file formats
11/12/2022 8:41:15 PM	Gathering external tables
11/12/2022 8:41:15 PM	Gathering extended properties
11/12/2022 8:41:15 PM	Gathering credentials
11/12/2022 8:41:15 PM	Gathering logins
11/12/2022 8:41:15 PM	Gathering server audits
11/12/2022 8:41:16 PM	Scanning project for duplicate elements
11/12/2022 8:41:17 PM	Finished duplicate element processing
11/12/2022 8:42:07 PM	Finished importing database.
11/12/2022 8:42:07 PM	A summary of the import was saved to the following location: C:\code\gh\FireFlySC\JamesDb\AdWoks\Import Schema Logs\AdWoks_20221113014108.log
11/12/2022 8:42:07 PM	Click Finish to continue...
